2018-04-23 14:24:41 DEBUG BeforeAfter:35 - Before Hook ...............................................
2018-04-23 14:24:41 DEBUG BeforeAfter:63 - Open Apps ...............................................
2018-04-23 14:24:57 DEBUG BeforeAfter:96 - Create Session ...............................................AndroidDriver: Android on LINUX (f3710652-8f82-4d4e-922f-068e75e511f7)
2018-04-23 14:24:58 DEBUG StepDefinition:31 - tap Object startUserRegistration
2018-04-23 14:24:59 DEBUG ObjEvent:79 - Find Element [[AndroidDriver: Android on LINUX (f3710652-8f82-4d4e-922f-068e75e511f7)] -> id: io.selendroid.testapp:id/startUserRegistration]
2018-04-23 14:25:01 DEBUG StepDefinition:37 - setText Asterix in Object element inputUsername
2018-04-23 14:25:02 DEBUG ObjEvent:97 - Find Element [[AndroidDriver: Android on LINUX (f3710652-8f82-4d4e-922f-068e75e511f7)] -> id: io.selendroid.testapp:id/inputUsername]
2018-04-23 14:25:10 DEBUG StepDefinition:37 - setText ibnuhazar@btpn.com in Object element inputEmail
2018-04-23 14:25:10 DEBUG ObjEvent:97 - Find Element [[AndroidDriver: Android on LINUX (f3710652-8f82-4d4e-922f-068e75e511f7)] -> id: io.selendroid.testapp:id/inputEmail]
2018-04-23 14:25:19 DEBUG StepDefinition:37 - setText Obelix in Object element inputPassword
2018-04-23 14:25:19 DEBUG ObjEvent:97 - Find Element [[AndroidDriver: Android on LINUX (f3710652-8f82-4d4e-922f-068e75e511f7)] -> id: io.selendroid.testapp:id/inputPassword]
2018-04-23 14:25:26 DEBUG StepDefinition:44 - selectListItemBylabel Java in Object element input_preferedProgrammingLanguage
2018-04-23 14:25:26 DEBUG ObjEvent:105 - Find Element [[AndroidDriver: Android on LINUX (f3710652-8f82-4d4e-922f-068e75e511f7)] -> id: io.selendroid.testapp:id/input_preferedProgrammingLanguage]
2018-04-23 14:25:29 DEBUG ObjEvent:109 - Find Element [[AndroidDriver: Android on LINUX (f3710652-8f82-4d4e-922f-068e75e511f7)] -> name: Java]
2018-04-23 14:25:29 DEBUG StepDefinition:50 - checkElement Object element input_adds
2018-04-23 14:25:30 DEBUG ObjEvent:117 - Find Element [[AndroidDriver: Android on LINUX (f3710652-8f82-4d4e-922f-068e75e511f7)] -> id: io.selendroid.testapp:id/input_adds]
2018-04-23 14:25:31 DEBUG StepDefinition:31 - tap Object btnRegisterUser
2018-04-23 14:25:31 DEBUG ObjEvent:79 - Find Element [[AndroidDriver: Android on LINUX (f3710652-8f82-4d4e-922f-068e75e511f7)] -> id: io.selendroid.testapp:id/btnRegisterUser]
2018-04-23 14:25:33 DEBUG StepDefinition:62 - verifyEqual Object element label_preferedProgrammingLanguage_data
2018-04-23 14:25:33 DEBUG ObjEvent:136 - Find Element By.id: android:id/Java
2018-04-23 14:25:34 DEBUG BeforeAfter:110 - After Hook ...............................................
2018-04-23 14:25:38 DEBUG BeforeAfter:120 - Quit Session ...............................................AndroidDriver: Android on LINUX (f3710652-8f82-4d4e-922f-068e75e511f7)
2018-04-23 14:27:12 DEBUG BeforeAfter:35 - Before Hook ...............................................
2018-04-23 14:27:12 DEBUG BeforeAfter:63 - Open Apps ...............................................
2018-04-23 14:27:25 DEBUG BeforeAfter:96 - Create Session ...............................................AndroidDriver: Android on LINUX (e817e058-2e8f-41e9-a602-0b1265884c68)
2018-04-23 14:27:25 DEBUG StepDefinition:31 - tap Object startUserRegistration
2018-04-23 14:27:26 DEBUG ObjEvent:79 - Find Element [[AndroidDriver: Android on LINUX (e817e058-2e8f-41e9-a602-0b1265884c68)] -> id: io.selendroid.testapp:id/startUserRegistration]
2018-04-23 14:27:28 DEBUG StepDefinition:37 - setText Asterix in Object element inputUsername
2018-04-23 14:27:30 DEBUG ObjEvent:97 - Find Element [[AndroidDriver: Android on LINUX (e817e058-2e8f-41e9-a602-0b1265884c68)] -> id: io.selendroid.testapp:id/inputUsername]
2018-04-23 14:27:36 DEBUG StepDefinition:37 - setText ibnuhazar@btpn.com in Object element inputEmail
2018-04-23 14:27:37 DEBUG ObjEvent:97 - Find Element [[AndroidDriver: Android on LINUX (e817e058-2e8f-41e9-a602-0b1265884c68)] -> id: io.selendroid.testapp:id/inputEmail]
2018-04-23 14:27:45 DEBUG StepDefinition:37 - setText Obelix in Object element inputPassword
2018-04-23 14:27:45 DEBUG ObjEvent:97 - Find Element [[AndroidDriver: Android on LINUX (e817e058-2e8f-41e9-a602-0b1265884c68)] -> id: io.selendroid.testapp:id/inputPassword]
2018-04-23 14:27:52 DEBUG StepDefinition:44 - selectListItemBylabel Java in Object element input_preferedProgrammingLanguage
2018-04-23 14:27:52 DEBUG ObjEvent:105 - Find Element [[AndroidDriver: Android on LINUX (e817e058-2e8f-41e9-a602-0b1265884c68)] -> id: io.selendroid.testapp:id/input_preferedProgrammingLanguage]
2018-04-23 14:27:55 DEBUG ObjEvent:109 - Find Element [[AndroidDriver: Android on LINUX (e817e058-2e8f-41e9-a602-0b1265884c68)] -> name: Java]
2018-04-23 14:27:56 DEBUG StepDefinition:50 - checkElement Object element input_adds
2018-04-23 14:27:56 DEBUG ObjEvent:117 - Find Element [[AndroidDriver: Android on LINUX (e817e058-2e8f-41e9-a602-0b1265884c68)] -> id: io.selendroid.testapp:id/input_adds]
2018-04-23 14:27:58 DEBUG StepDefinition:31 - tap Object btnRegisterUser
2018-04-23 14:27:58 DEBUG ObjEvent:79 - Find Element [[AndroidDriver: Android on LINUX (e817e058-2e8f-41e9-a602-0b1265884c68)] -> id: io.selendroid.testapp:id/btnRegisterUser]
2018-04-23 14:27:59 DEBUG StepDefinition:62 - verifyEqual Object element label_preferedProgrammingLanguage_data
2018-04-23 14:27:59 DEBUG ObjEvent:136 - Find Element By.id: android:id/label_preferedProgrammingLanguage_data
2018-04-23 14:28:00 DEBUG ObjEvent:142 - Find Element [[AndroidDriver: Android on LINUX (e817e058-2e8f-41e9-a602-0b1265884c68)] -> id: io.selendroid.testapp:id/label_preferedProgrammingLanguage_data]
2018-04-23 14:28:00 DEBUG BeforeAfter:110 - After Hook ...............................................
2018-04-23 14:28:00 DEBUG BeforeAfter:120 - Quit Session ...............................................AndroidDriver: Android on LINUX (e817e058-2e8f-41e9-a602-0b1265884c68)
2018-04-23 14:34:07 DEBUG BeforeAfter:35 - Before Hook ...............................................
2018-04-23 14:34:07 DEBUG BeforeAfter:63 - Open Apps ...............................................
2018-04-23 14:34:18 DEBUG BeforeAfter:96 - Create Session ...............................................AndroidDriver: Android on LINUX (bcca7c00-440f-471a-b4bf-8f05a10b14b4)
2018-04-23 14:34:19 DEBUG StepDefinition:31 - tap Object startUserRegistration
2018-04-23 14:34:20 DEBUG ObjEvent:79 - Find Element [[AndroidDriver: Android on LINUX (bcca7c00-440f-471a-b4bf-8f05a10b14b4)] -> id: io.selendroid.testapp:id/startUserRegistration]
2018-04-23 14:34:21 DEBUG StepDefinition:37 - setText Asterix in Object element inputUsername
2018-04-23 14:34:22 DEBUG ObjEvent:97 - Find Element [[AndroidDriver: Android on LINUX (bcca7c00-440f-471a-b4bf-8f05a10b14b4)] -> id: io.selendroid.testapp:id/inputUsername]
2018-04-23 14:34:31 DEBUG StepDefinition:37 - setText ibnuhazar@btpn.com in Object element inputEmail
2018-04-23 14:34:31 DEBUG ObjEvent:97 - Find Element [[AndroidDriver: Android on LINUX (bcca7c00-440f-471a-b4bf-8f05a10b14b4)] -> id: io.selendroid.testapp:id/inputEmail]
2018-04-23 14:34:41 DEBUG StepDefinition:37 - setText Obelix in Object element inputPassword
2018-04-23 14:34:41 DEBUG ObjEvent:97 - Find Element [[AndroidDriver: Android on LINUX (bcca7c00-440f-471a-b4bf-8f05a10b14b4)] -> id: io.selendroid.testapp:id/inputPassword]
2018-04-23 14:34:48 DEBUG StepDefinition:44 - selectListItemBylabel Java in Object element input_preferedProgrammingLanguage
2018-04-23 14:34:48 DEBUG ObjEvent:105 - Find Element [[AndroidDriver: Android on LINUX (bcca7c00-440f-471a-b4bf-8f05a10b14b4)] -> id: io.selendroid.testapp:id/input_preferedProgrammingLanguage]
2018-04-23 14:34:51 DEBUG ObjEvent:109 - Find Element [[AndroidDriver: Android on LINUX (bcca7c00-440f-471a-b4bf-8f05a10b14b4)] -> name: Java]
2018-04-23 14:34:52 DEBUG StepDefinition:50 - checkElement Object element input_adds
2018-04-23 14:34:52 DEBUG ObjEvent:117 - Find Element [[AndroidDriver: Android on LINUX (bcca7c00-440f-471a-b4bf-8f05a10b14b4)] -> id: io.selendroid.testapp:id/input_adds]
2018-04-23 14:34:53 DEBUG StepDefinition:31 - tap Object btnRegisterUser
2018-04-23 14:34:54 DEBUG ObjEvent:79 - Find Element [[AndroidDriver: Android on LINUX (bcca7c00-440f-471a-b4bf-8f05a10b14b4)] -> id: io.selendroid.testapp:id/btnRegisterUser]
2018-04-23 14:34:55 DEBUG StepDefinition:62 - verifyEqual Object element label_preferedProgrammingLanguage_data
2018-04-23 14:34:55 DEBUG ObjEvent:136 - Find Element By.id: android:id/label_preferedProgrammingLanguage_data
2018-04-23 14:34:56 DEBUG ObjEvent:142 - Find Element [[AndroidDriver: Android on LINUX (bcca7c00-440f-471a-b4bf-8f05a10b14b4)] -> id: io.selendroid.testapp:id/label_preferedProgrammingLanguage_data]
2018-04-23 14:34:56 DEBUG BeforeAfter:110 - After Hook ...............................................
2018-04-23 14:34:56 DEBUG BeforeAfter:120 - Quit Session ...............................................AndroidDriver: Android on LINUX (bcca7c00-440f-471a-b4bf-8f05a10b14b4)
2018-04-23 14:39:12 DEBUG BeforeAfter:35 - Before Hook ...............................................
2018-04-23 14:39:12 DEBUG BeforeAfter:63 - Open Apps ...............................................
2018-04-23 14:39:24 DEBUG BeforeAfter:96 - Create Session ...............................................AndroidDriver: Android on LINUX (bb5c6444-c4d3-45b7-9c1a-5f9ff9700c0b)
2018-04-23 14:39:25 DEBUG StepDefinition:31 - tap Object startUserRegistration
2018-04-23 14:39:26 DEBUG ObjEvent:79 - Find Element [[AndroidDriver: Android on LINUX (bb5c6444-c4d3-45b7-9c1a-5f9ff9700c0b)] -> id: io.selendroid.testapp:id/startUserRegistration]
2018-04-23 14:39:29 DEBUG StepDefinition:37 - setText Asterix in Object element inputUsername
2018-04-23 14:39:29 DEBUG ObjEvent:97 - Find Element [[AndroidDriver: Android on LINUX (bb5c6444-c4d3-45b7-9c1a-5f9ff9700c0b)] -> id: io.selendroid.testapp:id/inputUsername]
2018-04-23 14:39:37 DEBUG StepDefinition:37 - setText ibnuhazar@btpn.com in Object element inputEmail
2018-04-23 14:39:37 DEBUG ObjEvent:97 - Find Element [[AndroidDriver: Android on LINUX (bb5c6444-c4d3-45b7-9c1a-5f9ff9700c0b)] -> id: io.selendroid.testapp:id/inputEmail]
2018-04-23 14:39:46 DEBUG StepDefinition:37 - setText Obelix in Object element inputPassword
2018-04-23 14:39:46 DEBUG ObjEvent:97 - Find Element [[AndroidDriver: Android on LINUX (bb5c6444-c4d3-45b7-9c1a-5f9ff9700c0b)] -> id: io.selendroid.testapp:id/inputPassword]
2018-04-23 14:39:53 DEBUG StepDefinition:44 - selectListItemBylabel Java in Object element input_preferedProgrammingLanguage
2018-04-23 14:39:53 DEBUG ObjEvent:105 - Find Element [[AndroidDriver: Android on LINUX (bb5c6444-c4d3-45b7-9c1a-5f9ff9700c0b)] -> id: io.selendroid.testapp:id/input_preferedProgrammingLanguage]
2018-04-23 14:39:56 DEBUG ObjEvent:109 - Find Element [[AndroidDriver: Android on LINUX (bb5c6444-c4d3-45b7-9c1a-5f9ff9700c0b)] -> name: Java]
2018-04-23 14:39:56 DEBUG StepDefinition:50 - checkElement Object element input_adds
2018-04-23 14:39:57 DEBUG ObjEvent:117 - Find Element [[AndroidDriver: Android on LINUX (bb5c6444-c4d3-45b7-9c1a-5f9ff9700c0b)] -> id: io.selendroid.testapp:id/input_adds]
2018-04-23 14:39:58 DEBUG StepDefinition:31 - tap Object btnRegisterUser
2018-04-23 14:39:59 DEBUG ObjEvent:79 - Find Element [[AndroidDriver: Android on LINUX (bb5c6444-c4d3-45b7-9c1a-5f9ff9700c0b)] -> id: io.selendroid.testapp:id/btnRegisterUser]
2018-04-23 14:40:01 DEBUG StepDefinition:62 - verifyEqual Object element label_preferedProgrammingLanguage_data
2018-04-23 14:40:01 DEBUG ObjEvent:136 - Find Element By.id: android:id/label_preferedProgrammingLanguage_data
2018-04-23 14:40:01 DEBUG ObjEvent:142 - Find Element [[AndroidDriver: Android on LINUX (bb5c6444-c4d3-45b7-9c1a-5f9ff9700c0b)] -> id: io.selendroid.testapp:id/label_preferedProgrammingLanguage_data]
2018-04-23 14:40:01 DEBUG BeforeAfter:110 - After Hook ...............................................
2018-04-23 14:40:01 DEBUG BeforeAfter:120 - Quit Session ...............................................AndroidDriver: Android on LINUX (bb5c6444-c4d3-45b7-9c1a-5f9ff9700c0b)
2018-04-23 14:47:11 DEBUG BeforeAfter:35 - Before Hook ...............................................
2018-04-23 14:47:11 DEBUG BeforeAfter:63 - Open Apps ...............................................
2018-04-23 14:47:25 DEBUG BeforeAfter:96 - Create Session ...............................................AndroidDriver: Android on LINUX (c6e95a3d-de7c-4a66-9c7e-f7e4f8733399)
2018-04-23 14:47:26 DEBUG StepDefinition:31 - tap Object startUserRegistration
2018-04-23 14:47:26 DEBUG ObjEvent:79 - Find Element [[AndroidDriver: Android on LINUX (c6e95a3d-de7c-4a66-9c7e-f7e4f8733399)] -> id: io.selendroid.testapp:id/startUserRegistration]
2018-04-23 14:47:28 DEBUG StepDefinition:37 - setText Asterix in Object element inputUsername
2018-04-23 14:47:29 DEBUG ObjEvent:97 - Find Element [[AndroidDriver: Android on LINUX (c6e95a3d-de7c-4a66-9c7e-f7e4f8733399)] -> id: io.selendroid.testapp:id/inputUsername]
2018-04-23 14:47:37 DEBUG StepDefinition:37 - setText ibnuhazar@btpn.com in Object element inputEmail
2018-04-23 14:47:37 DEBUG ObjEvent:97 - Find Element [[AndroidDriver: Android on LINUX (c6e95a3d-de7c-4a66-9c7e-f7e4f8733399)] -> id: io.selendroid.testapp:id/inputEmail]
2018-04-23 14:47:46 DEBUG StepDefinition:37 - setText Obelix in Object element inputPassword
2018-04-23 14:47:46 DEBUG ObjEvent:97 - Find Element [[AndroidDriver: Android on LINUX (c6e95a3d-de7c-4a66-9c7e-f7e4f8733399)] -> id: io.selendroid.testapp:id/inputPassword]
2018-04-23 14:47:53 DEBUG StepDefinition:44 - selectListItemBylabel Java in Object element input_preferedProgrammingLanguage
2018-04-23 14:47:53 DEBUG ObjEvent:105 - Find Element [[AndroidDriver: Android on LINUX (c6e95a3d-de7c-4a66-9c7e-f7e4f8733399)] -> id: io.selendroid.testapp:id/input_preferedProgrammingLanguage]
2018-04-23 14:47:56 DEBUG ObjEvent:109 - Find Element [[AndroidDriver: Android on LINUX (c6e95a3d-de7c-4a66-9c7e-f7e4f8733399)] -> name: Java]
2018-04-23 14:47:57 DEBUG StepDefinition:50 - checkElement Object element input_adds
2018-04-23 14:47:58 DEBUG ObjEvent:117 - Find Element [[AndroidDriver: Android on LINUX (c6e95a3d-de7c-4a66-9c7e-f7e4f8733399)] -> id: io.selendroid.testapp:id/input_adds]
2018-04-23 14:47:59 DEBUG StepDefinition:31 - tap Object btnRegisterUser
2018-04-23 14:47:59 DEBUG ObjEvent:79 - Find Element [[AndroidDriver: Android on LINUX (c6e95a3d-de7c-4a66-9c7e-f7e4f8733399)] -> id: io.selendroid.testapp:id/btnRegisterUser]
2018-04-23 14:48:01 DEBUG StepDefinition:62 - verifyEqual Object element label_preferedProgrammingLanguage_data
2018-04-23 14:48:01 DEBUG ObjEvent:136 - Find Element By.id: android:id/label_preferedProgrammingLanguage_data
2018-04-23 14:48:01 DEBUG ObjEvent:142 - Find Element [[AndroidDriver: Android on LINUX (c6e95a3d-de7c-4a66-9c7e-f7e4f8733399)] -> id: io.selendroid.testapp:id/label_preferedProgrammingLanguage_data]
2018-04-23 14:48:02 DEBUG BeforeAfter:110 - After Hook ...............................................
2018-04-23 14:48:02 DEBUG BeforeAfter:120 - Quit Session ...............................................AndroidDriver: Android on LINUX (c6e95a3d-de7c-4a66-9c7e-f7e4f8733399)
2018-04-23 14:51:21 DEBUG BeforeAfter:35 - Before Hook ...............................................
2018-04-23 14:51:21 DEBUG BeforeAfter:63 - Open Apps ...............................................
2018-04-23 14:51:33 DEBUG BeforeAfter:96 - Create Session ...............................................AndroidDriver: Android on LINUX (8c238ea1-262d-420e-a438-f260719f84ae)
2018-04-23 14:51:34 DEBUG StepDefinition:31 - tap Object startUserRegistration
2018-04-23 14:51:35 DEBUG ObjEvent:79 - Find Element [[AndroidDriver: Android on LINUX (8c238ea1-262d-420e-a438-f260719f84ae)] -> id: io.selendroid.testapp:id/startUserRegistration]
2018-04-23 14:51:36 DEBUG StepDefinition:37 - setText Asterix in Object element inputUsername
2018-04-23 14:51:37 DEBUG ObjEvent:97 - Find Element [[AndroidDriver: Android on LINUX (8c238ea1-262d-420e-a438-f260719f84ae)] -> id: io.selendroid.testapp:id/inputUsername]
2018-04-23 14:51:46 DEBUG StepDefinition:37 - setText ibnuhazar@btpn.com in Object element inputEmail
2018-04-23 14:51:47 DEBUG ObjEvent:97 - Find Element [[AndroidDriver: Android on LINUX (8c238ea1-262d-420e-a438-f260719f84ae)] -> id: io.selendroid.testapp:id/inputEmail]
2018-04-23 14:51:55 DEBUG StepDefinition:37 - setText Obelix in Object element inputPassword
2018-04-23 14:51:55 DEBUG ObjEvent:97 - Find Element [[AndroidDriver: Android on LINUX (8c238ea1-262d-420e-a438-f260719f84ae)] -> id: io.selendroid.testapp:id/inputPassword]
2018-04-23 14:52:03 DEBUG StepDefinition:44 - selectListItemBylabel Java in Object element input_preferedProgrammingLanguage
2018-04-23 14:52:03 DEBUG ObjEvent:105 - Find Element [[AndroidDriver: Android on LINUX (8c238ea1-262d-420e-a438-f260719f84ae)] -> id: io.selendroid.testapp:id/input_preferedProgrammingLanguage]
2018-04-23 14:52:05 DEBUG ObjEvent:109 - Find Element [[AndroidDriver: Android on LINUX (8c238ea1-262d-420e-a438-f260719f84ae)] -> name: Java]
2018-04-23 14:52:06 DEBUG StepDefinition:50 - checkElement Object element input_adds
2018-04-23 14:52:07 DEBUG ObjEvent:117 - Find Element [[AndroidDriver: Android on LINUX (8c238ea1-262d-420e-a438-f260719f84ae)] -> id: io.selendroid.testapp:id/input_adds]
2018-04-23 14:52:07 DEBUG StepDefinition:31 - tap Object btnRegisterUser
2018-04-23 14:52:08 DEBUG ObjEvent:79 - Find Element [[AndroidDriver: Android on LINUX (8c238ea1-262d-420e-a438-f260719f84ae)] -> id: io.selendroid.testapp:id/btnRegisterUser]
2018-04-23 14:52:09 DEBUG StepDefinition:62 - verifyEqual Object element label_preferedProgrammingLanguage_data
2018-04-23 14:52:09 DEBUG ObjEvent:136 - Find Element By.id: android:id/label_preferedProgrammingLanguage_data
2018-04-23 14:52:10 DEBUG ObjEvent:142 - Find Element [[AndroidDriver: Android on LINUX (8c238ea1-262d-420e-a438-f260719f84ae)] -> id: io.selendroid.testapp:id/label_preferedProgrammingLanguage_data]
2018-04-23 14:52:10 DEBUG BeforeAfter:110 - After Hook ...............................................
2018-04-23 14:52:10 DEBUG BeforeAfter:120 - Quit Session ...............................................AndroidDriver: Android on LINUX (8c238ea1-262d-420e-a438-f260719f84ae)
2018-04-23 14:57:48 DEBUG BeforeAfter:35 - Before Hook ...............................................
2018-04-23 14:57:48 DEBUG BeforeAfter:63 - Open Apps ...............................................
2018-04-23 14:57:59 DEBUG BeforeAfter:96 - Create Session ...............................................AndroidDriver: Android on LINUX (1afa8082-91b2-456c-86a6-aed44adc214d)
2018-04-23 14:58:00 DEBUG StepDefinition:31 - tap Object startUserRegistration
2018-04-23 14:58:00 DEBUG ObjEvent:79 - Find Element [[AndroidDriver: Android on LINUX (1afa8082-91b2-456c-86a6-aed44adc214d)] -> id: io.selendroid.testapp:id/startUserRegistration]
2018-04-23 14:58:02 DEBUG StepDefinition:37 - setText Asterix in Object element inputUsername
2018-04-23 14:58:03 DEBUG ObjEvent:97 - Find Element [[AndroidDriver: Android on LINUX (1afa8082-91b2-456c-86a6-aed44adc214d)] -> id: io.selendroid.testapp:id/inputUsername]
2018-04-23 14:58:10 DEBUG StepDefinition:37 - setText ibnuhazar@btpn.com in Object element inputEmail
2018-04-23 14:58:11 DEBUG ObjEvent:97 - Find Element [[AndroidDriver: Android on LINUX (1afa8082-91b2-456c-86a6-aed44adc214d)] -> id: io.selendroid.testapp:id/inputEmail]
2018-04-23 14:58:19 DEBUG StepDefinition:37 - setText Obelix in Object element inputPassword
2018-04-23 14:58:20 DEBUG ObjEvent:97 - Find Element [[AndroidDriver: Android on LINUX (1afa8082-91b2-456c-86a6-aed44adc214d)] -> id: io.selendroid.testapp:id/inputPassword]
2018-04-23 14:58:26 DEBUG StepDefinition:44 - selectListItemBylabel Java in Object element input_preferedProgrammingLanguage
2018-04-23 14:58:26 DEBUG ObjEvent:105 - Find Element [[AndroidDriver: Android on LINUX (1afa8082-91b2-456c-86a6-aed44adc214d)] -> id: io.selendroid.testapp:id/input_preferedProgrammingLanguage]
2018-04-23 14:58:29 DEBUG ObjEvent:109 - Find Element [[AndroidDriver: Android on LINUX (1afa8082-91b2-456c-86a6-aed44adc214d)] -> name: Java]
2018-04-23 14:58:29 DEBUG StepDefinition:50 - checkElement Object element input_adds
2018-04-23 14:58:30 DEBUG ObjEvent:117 - Find Element [[AndroidDriver: Android on LINUX (1afa8082-91b2-456c-86a6-aed44adc214d)] -> id: io.selendroid.testapp:id/input_adds]
2018-04-23 14:58:31 DEBUG StepDefinition:31 - tap Object btnRegisterUser
2018-04-23 14:58:31 DEBUG ObjEvent:79 - Find Element [[AndroidDriver: Android on LINUX (1afa8082-91b2-456c-86a6-aed44adc214d)] -> id: io.selendroid.testapp:id/btnRegisterUser]
2018-04-23 14:58:33 DEBUG StepDefinition:62 - verifyEqual Object element label_preferedProgrammingLanguage_data
2018-04-23 14:58:33 DEBUG ObjEvent:136 - Find Element By.id: android:id/label_preferedProgrammingLanguage_data
2018-04-23 14:58:33 DEBUG ObjEvent:142 - Find Element [[AndroidDriver: Android on LINUX (1afa8082-91b2-456c-86a6-aed44adc214d)] -> id: io.selendroid.testapp:id/label_preferedProgrammingLanguage_data]
2018-04-23 14:58:34 DEBUG BeforeAfter:110 - After Hook ...............................................
2018-04-23 14:58:34 DEBUG BeforeAfter:120 - Quit Session ...............................................AndroidDriver: Android on LINUX (1afa8082-91b2-456c-86a6-aed44adc214d)
2018-04-23 14:58:36 DEBUG BeforeAfter:35 - Before Hook ...............................................
2018-04-23 14:58:36 DEBUG BeforeAfter:63 - Open Apps ...............................................
2018-04-23 14:58:47 DEBUG BeforeAfter:96 - Create Session ...............................................AndroidDriver: Android on LINUX (aa5da062-1316-42b1-a0e2-9e4a0b2fa226)
2018-04-23 14:58:47 DEBUG StepDefinition:31 - tap Object startUserRegistration
2018-04-23 14:58:48 DEBUG ObjEvent:79 - Find Element [[AndroidDriver: Android on LINUX (aa5da062-1316-42b1-a0e2-9e4a0b2fa226)] -> id: io.selendroid.testapp:id/startUserRegistration]
2018-04-23 14:58:50 DEBUG StepDefinition:25 - tap Object ibnuh
2018-04-23 14:58:51 DEBUG ObjEvent:46 - Find Element [[AndroidDriver: Android on LINUX (aa5da062-1316-42b1-a0e2-9e4a0b2fa226)] -> id: io.selendroid.testapp:id/inputUsername]
2018-04-23 14:58:59 DEBUG ObjEvent:53 - Find Element [[AndroidDriver: Android on LINUX (aa5da062-1316-42b1-a0e2-9e4a0b2fa226)] -> id: io.selendroid.testapp:id/inputEmail]
2018-04-23 14:59:06 DEBUG ObjEvent:59 - Find Element [[AndroidDriver: Android on LINUX (aa5da062-1316-42b1-a0e2-9e4a0b2fa226)] -> id: io.selendroid.testapp:id/inputPassword]
2018-04-23 14:59:12 DEBUG StepDefinition:44 - selectListItemBylabel Java in Object element input_preferedProgrammingLanguage
2018-04-23 14:59:13 DEBUG ObjEvent:105 - Find Element [[AndroidDriver: Android on LINUX (aa5da062-1316-42b1-a0e2-9e4a0b2fa226)] -> id: io.selendroid.testapp:id/input_preferedProgrammingLanguage]
2018-04-23 14:59:15 DEBUG ObjEvent:109 - Find Element [[AndroidDriver: Android on LINUX (aa5da062-1316-42b1-a0e2-9e4a0b2fa226)] -> name: Java]
2018-04-23 14:59:16 DEBUG StepDefinition:50 - checkElement Object element input_adds
2018-04-23 14:59:17 DEBUG ObjEvent:117 - Find Element [[AndroidDriver: Android on LINUX (aa5da062-1316-42b1-a0e2-9e4a0b2fa226)] -> id: io.selendroid.testapp:id/input_adds]
2018-04-23 14:59:18 DEBUG StepDefinition:31 - tap Object btnRegisterUser
2018-04-23 14:59:18 DEBUG ObjEvent:79 - Find Element [[AndroidDriver: Android on LINUX (aa5da062-1316-42b1-a0e2-9e4a0b2fa226)] -> id: io.selendroid.testapp:id/btnRegisterUser]
2018-04-23 14:59:20 DEBUG StepDefinition:62 - verifyEqual Object element label_preferedProgrammingLanguage_data
2018-04-23 14:59:20 DEBUG ObjEvent:136 - Find Element By.id: android:id/label_preferedProgrammingLanguage_data
2018-04-23 14:59:20 DEBUG ObjEvent:142 - Find Element [[AndroidDriver: Android on LINUX (aa5da062-1316-42b1-a0e2-9e4a0b2fa226)] -> id: io.selendroid.testapp:id/label_preferedProgrammingLanguage_data]
2018-04-23 14:59:20 DEBUG BeforeAfter:110 - After Hook ...............................................
2018-04-23 14:59:20 DEBUG BeforeAfter:120 - Quit Session ...............................................AndroidDriver: Android on LINUX (aa5da062-1316-42b1-a0e2-9e4a0b2fa226)
2018-04-23 14:59:22 DEBUG BeforeAfter:35 - Before Hook ...............................................
2018-04-23 14:59:22 DEBUG BeforeAfter:63 - Open Apps ...............................................
2018-04-23 14:59:33 DEBUG BeforeAfter:96 - Create Session ...............................................AndroidDriver: Android on LINUX (17ff64ca-64f6-4d75-8e25-eaf52471bc53)
2018-04-23 14:59:33 DEBUG StepDefinition:31 - tap Object buttonStartWebview
2018-04-23 14:59:35 DEBUG ObjEvent:79 - Find Element [[AndroidDriver: Android on LINUX (17ff64ca-64f6-4d75-8e25-eaf52471bc53)] -> id: io.selendroid.testapp:id/buttonStartWebview]
2018-04-23 14:59:39 DEBUG StepDefinition:31 - tap Object spinner_webdriver_test_data
2018-04-23 14:59:40 DEBUG ObjEvent:79 - Find Element [[AndroidDriver: Android on LINUX (17ff64ca-64f6-4d75-8e25-eaf52471bc53)] -> id: io.selendroid.testapp:id/spinner_webdriver_test_data]
2018-04-23 14:59:42 DEBUG StepDefinition:31 - tap Object formPage
2018-04-23 14:59:43 DEBUG ObjEvent:84 - Find Element [[AndroidDriver: Android on LINUX (17ff64ca-64f6-4d75-8e25-eaf52471bc53)] -> name: formPage]
2018-04-23 14:59:45 DEBUG StepDefinition:31 - tap Object goBack
2018-04-23 14:59:46 DEBUG ObjEvent:79 - Find Element [[AndroidDriver: Android on LINUX (17ff64ca-64f6-4d75-8e25-eaf52471bc53)] -> id: io.selendroid.testapp:id/goBack]
2018-04-23 14:59:47 DEBUG StepDefinition:62 - verifyEqual Object element title
2018-04-23 14:59:47 DEBUG ObjEvent:136 - Find Element By.id: android:id/title
2018-04-23 14:59:48 DEBUG BeforeAfter:110 - After Hook ...............................................
2018-04-23 14:59:52 DEBUG BeforeAfter:120 - Quit Session ...............................................AndroidDriver: Android on LINUX (17ff64ca-64f6-4d75-8e25-eaf52471bc53)
