2018-04-19 10:52:17 DEBUG BeforeAfter:35 - Before Hook ...............................................
2018-04-19 10:52:17 DEBUG BeforeAfter:63 - Open Apps ...............................................
2018-04-19 10:52:30 DEBUG BeforeAfter:96 - Create Session ...............................................AndroidDriver: Android on LINUX (07751311-5327-4a63-9e57-e1a7103f48ed)
2018-04-19 10:52:30 DEBUG BeforeAfter:110 - After Hook ...............................................
2018-04-19 10:52:30 DEBUG BeforeAfter:120 - Quit Session ...............................................AndroidDriver: Android on LINUX (07751311-5327-4a63-9e57-e1a7103f48ed)
2018-04-19 14:21:30 DEBUG BeforeAfter:35 - Before Hook ...............................................
2018-04-19 14:21:30 DEBUG BeforeAfter:63 - Open Apps ...............................................
2018-04-19 14:21:47 DEBUG BeforeAfter:96 - Create Session ...............................................AndroidDriver: Android on LINUX (fd63477e-bce7-4cff-be5f-7346bd5ef2b7)
2018-04-19 14:21:48 DEBUG StepDefinition:31 - tap Object buttonTest
2018-04-19 14:21:48 DEBUG ObjEvent:79 - Find Element [[AndroidDriver: Android on LINUX (fd63477e-bce7-4cff-be5f-7346bd5ef2b7)] -> id: io.selendroid.testapp:id/buttonTest]
2018-04-19 14:21:49 DEBUG StepDefinition:31 - tap Object button2
2018-04-19 14:21:50 DEBUG ObjEvent:88 - Find Element [[AndroidDriver: Android on LINUX (fd63477e-bce7-4cff-be5f-7346bd5ef2b7)] -> id: android:id/button2]
2018-04-19 14:21:53 DEBUG BeforeAfter:110 - After Hook ...............................................
2018-04-19 14:21:56 DEBUG BeforeAfter:120 - Quit Session ...............................................AndroidDriver: Android on LINUX (fd63477e-bce7-4cff-be5f-7346bd5ef2b7)
2018-04-19 14:23:52 DEBUG BeforeAfter:35 - Before Hook ...............................................
2018-04-19 14:23:52 DEBUG BeforeAfter:63 - Open Apps ...............................................
2018-04-19 14:24:05 DEBUG BeforeAfter:96 - Create Session ...............................................AndroidDriver: Android on LINUX (7de29b52-a55a-4458-b947-8ff5fa7986f7)
2018-04-19 14:24:06 DEBUG StepDefinition:31 - tap Object buttonTest
2018-04-19 14:24:07 DEBUG ObjEvent:79 - Find Element [[AndroidDriver: Android on LINUX (7de29b52-a55a-4458-b947-8ff5fa7986f7)] -> id: io.selendroid.testapp:id/buttonTest]
2018-04-19 14:24:08 DEBUG StepDefinition:31 - tap Object button2
2018-04-19 14:24:09 DEBUG ObjEvent:88 - Find Element [[AndroidDriver: Android on LINUX (7de29b52-a55a-4458-b947-8ff5fa7986f7)] -> id: android:id/button2]
2018-04-19 14:24:12 DEBUG StepDefinition:62 - verifyEqual Object element title
2018-04-19 14:24:12 DEBUG ObjEvent:136 - Find Element By.id: android:id/title
2018-04-19 14:24:13 DEBUG BeforeAfter:110 - After Hook ...............................................
2018-04-19 14:24:13 DEBUG BeforeAfter:120 - Quit Session ...............................................AndroidDriver: Android on LINUX (7de29b52-a55a-4458-b947-8ff5fa7986f7)
2018-04-19 14:30:16 DEBUG BeforeAfter:35 - Before Hook ...............................................
2018-04-19 14:30:16 DEBUG BeforeAfter:63 - Open Apps ...............................................
2018-04-19 14:30:30 DEBUG BeforeAfter:96 - Create Session ...............................................AndroidDriver: Android on LINUX (de91f822-195a-44cd-8f8a-01824f3875f8)
2018-04-19 14:30:31 DEBUG StepDefinition:31 - tap Object buttonTest
2018-04-19 14:30:31 DEBUG ObjEvent:79 - Find Element [[AndroidDriver: Android on LINUX (de91f822-195a-44cd-8f8a-01824f3875f8)] -> id: io.selendroid.testapp:id/buttonTest]
2018-04-19 14:30:33 DEBUG StepDefinition:31 - tap Object button2
2018-04-19 14:30:33 DEBUG ObjEvent:88 - Find Element [[AndroidDriver: Android on LINUX (de91f822-195a-44cd-8f8a-01824f3875f8)] -> id: android:id/button2]
2018-04-19 14:30:37 DEBUG StepDefinition:62 - verifyEqual Object element title
2018-04-19 14:30:37 DEBUG ObjEvent:136 - Find Element By.id: android:id/title
2018-04-19 14:30:37 DEBUG BeforeAfter:110 - After Hook ...............................................
2018-04-19 14:30:37 DEBUG BeforeAfter:120 - Quit Session ...............................................AndroidDriver: Android on LINUX (de91f822-195a-44cd-8f8a-01824f3875f8)
2018-04-19 14:32:19 DEBUG BeforeAfter:35 - Before Hook ...............................................
2018-04-19 14:32:19 DEBUG BeforeAfter:63 - Open Apps ...............................................
2018-04-19 14:32:33 DEBUG BeforeAfter:96 - Create Session ...............................................AndroidDriver: Android on LINUX (5b423e58-a1b6-4279-b529-d6a288b752e5)
2018-04-19 14:32:33 DEBUG StepDefinition:31 - tap Object buttonTest
2018-04-19 14:32:34 DEBUG ObjEvent:79 - Find Element [[AndroidDriver: Android on LINUX (5b423e58-a1b6-4279-b529-d6a288b752e5)] -> id: io.selendroid.testapp:id/buttonTest]
2018-04-19 14:32:35 DEBUG StepDefinition:31 - tap Object button2
2018-04-19 14:32:36 DEBUG ObjEvent:88 - Find Element [[AndroidDriver: Android on LINUX (5b423e58-a1b6-4279-b529-d6a288b752e5)] -> id: android:id/button2]
2018-04-19 14:32:40 DEBUG StepDefinition:62 - verifyEqual Object element title
2018-04-19 14:32:40 DEBUG ObjEvent:136 - Find Element By.id: android:id/title
2018-04-19 14:32:40 DEBUG BeforeAfter:110 - After Hook ...............................................
2018-04-19 14:32:40 DEBUG BeforeAfter:120 - Quit Session ...............................................AndroidDriver: Android on LINUX (5b423e58-a1b6-4279-b529-d6a288b752e5)
2018-04-19 14:34:17 DEBUG BeforeAfter:35 - Before Hook ...............................................
2018-04-19 14:34:17 DEBUG BeforeAfter:63 - Open Apps ...............................................
2018-04-19 14:34:30 DEBUG BeforeAfter:96 - Create Session ...............................................AndroidDriver: Android on LINUX (675876f1-98e9-4fed-92a4-6468ecab28f2)
2018-04-19 14:34:31 DEBUG StepDefinition:31 - tap Object buttonTest
2018-04-19 14:34:32 DEBUG ObjEvent:79 - Find Element [[AndroidDriver: Android on LINUX (675876f1-98e9-4fed-92a4-6468ecab28f2)] -> id: io.selendroid.testapp:id/buttonTest]
2018-04-19 14:34:34 DEBUG StepDefinition:31 - tap Object button2
2018-04-19 14:34:34 DEBUG ObjEvent:88 - Find Element [[AndroidDriver: Android on LINUX (675876f1-98e9-4fed-92a4-6468ecab28f2)] -> id: android:id/button2]
2018-04-19 14:34:38 DEBUG StepDefinition:62 - verifyEqual Object element title
2018-04-19 14:34:38 DEBUG ObjEvent:136 - Find Element By.id: android:id/title
2018-04-19 14:34:38 DEBUG BeforeAfter:110 - After Hook ...............................................
2018-04-19 14:34:38 DEBUG BeforeAfter:120 - Quit Session ...............................................AndroidDriver: Android on LINUX (675876f1-98e9-4fed-92a4-6468ecab28f2)
2018-04-19 14:36:24 DEBUG BeforeAfter:35 - Before Hook ...............................................
2018-04-19 14:36:24 DEBUG BeforeAfter:63 - Open Apps ...............................................
2018-04-19 14:36:36 DEBUG BeforeAfter:96 - Create Session ...............................................AndroidDriver: Android on LINUX (5e27ebac-3982-4294-999a-8b34ea826b43)
2018-04-19 14:36:37 DEBUG StepDefinition:31 - tap Object buttonTest
2018-04-19 14:36:38 DEBUG ObjEvent:79 - Find Element [[AndroidDriver: Android on LINUX (5e27ebac-3982-4294-999a-8b34ea826b43)] -> id: io.selendroid.testapp:id/buttonTest]
2018-04-19 14:36:38 DEBUG StepDefinition:31 - tap Object button2
2018-04-19 14:36:39 DEBUG ObjEvent:88 - Find Element [[AndroidDriver: Android on LINUX (5e27ebac-3982-4294-999a-8b34ea826b43)] -> id: android:id/button2]
2018-04-19 14:36:43 DEBUG StepDefinition:62 - verifyEqual Object element title
2018-04-19 14:36:43 DEBUG ObjEvent:136 - Find Element By.id: android:id/title
2018-04-19 14:36:43 DEBUG BeforeAfter:110 - After Hook ...............................................
2018-04-19 14:36:43 DEBUG BeforeAfter:120 - Quit Session ...............................................AndroidDriver: Android on LINUX (5e27ebac-3982-4294-999a-8b34ea826b43)
2018-04-19 14:36:46 DEBUG BeforeAfter:35 - Before Hook ...............................................
2018-04-19 14:36:46 DEBUG BeforeAfter:63 - Open Apps ...............................................
2018-04-19 14:36:57 DEBUG BeforeAfter:96 - Create Session ...............................................AndroidDriver: Android on LINUX (1d1d215f-44b6-4c2e-b92e-dd016b9518cd)
2018-04-19 14:36:57 DEBUG StepDefinition:31 - tap Object startUserRegistration
2018-04-19 14:36:58 DEBUG ObjEvent:79 - Find Element [[AndroidDriver: Android on LINUX (1d1d215f-44b6-4c2e-b92e-dd016b9518cd)] -> id: io.selendroid.testapp:id/startUserRegistration]
2018-04-19 14:37:01 DEBUG StepDefinition:25 - tap Object ibnuh
2018-04-19 14:37:01 DEBUG ObjEvent:46 - Find Element [[AndroidDriver: Android on LINUX (1d1d215f-44b6-4c2e-b92e-dd016b9518cd)] -> id: io.selendroid.testapp:id/inputUsername]
2018-04-19 14:37:10 DEBUG ObjEvent:53 - Find Element [[AndroidDriver: Android on LINUX (1d1d215f-44b6-4c2e-b92e-dd016b9518cd)] -> id: io.selendroid.testapp:id/inputEmail]
2018-04-19 14:37:17 DEBUG ObjEvent:59 - Find Element [[AndroidDriver: Android on LINUX (1d1d215f-44b6-4c2e-b92e-dd016b9518cd)] -> id: io.selendroid.testapp:id/inputPassword]
2018-04-19 14:37:23 DEBUG StepDefinition:44 - selectListItemBylabel Java in Object element input_preferedProgrammingLanguage
2018-04-19 14:37:24 DEBUG ObjEvent:105 - Find Element [[AndroidDriver: Android on LINUX (1d1d215f-44b6-4c2e-b92e-dd016b9518cd)] -> id: io.selendroid.testapp:id/input_preferedProgrammingLanguage]
2018-04-19 14:37:26 DEBUG ObjEvent:109 - Find Element [[AndroidDriver: Android on LINUX (1d1d215f-44b6-4c2e-b92e-dd016b9518cd)] -> name: Java]
2018-04-19 14:37:27 DEBUG StepDefinition:50 - checkElement Object element input_adds
2018-04-19 14:37:28 DEBUG ObjEvent:117 - Find Element [[AndroidDriver: Android on LINUX (1d1d215f-44b6-4c2e-b92e-dd016b9518cd)] -> id: io.selendroid.testapp:id/input_adds]
2018-04-19 14:37:29 DEBUG StepDefinition:31 - tap Object btnRegisterUser
2018-04-19 14:37:29 DEBUG ObjEvent:79 - Find Element [[AndroidDriver: Android on LINUX (1d1d215f-44b6-4c2e-b92e-dd016b9518cd)] -> id: io.selendroid.testapp:id/btnRegisterUser]
2018-04-19 14:37:31 DEBUG StepDefinition:62 - verifyEqual Object element label_preferedProgrammingLanguage_data
2018-04-19 14:37:31 DEBUG ObjEvent:136 - Find Element By.id: android:id/label_preferedProgrammingLanguage_data
2018-04-19 14:37:31 DEBUG ObjEvent:142 - Find Element [[AndroidDriver: Android on LINUX (1d1d215f-44b6-4c2e-b92e-dd016b9518cd)] -> id: io.selendroid.testapp:id/label_preferedProgrammingLanguage_data]
2018-04-19 14:37:32 DEBUG BeforeAfter:110 - After Hook ...............................................
2018-04-19 14:37:32 DEBUG BeforeAfter:120 - Quit Session ...............................................AndroidDriver: Android on LINUX (1d1d215f-44b6-4c2e-b92e-dd016b9518cd)
2018-04-19 14:37:33 DEBUG BeforeAfter:35 - Before Hook ...............................................
2018-04-19 14:37:33 DEBUG BeforeAfter:63 - Open Apps ...............................................
2018-04-19 14:37:44 DEBUG BeforeAfter:96 - Create Session ...............................................AndroidDriver: Android on LINUX (142ca962-6de2-4eaa-af9c-0d8e5e0be6ca)
2018-04-19 14:37:44 DEBUG StepDefinition:31 - tap Object buttonStartWebview
2018-04-19 14:37:46 DEBUG ObjEvent:79 - Find Element [[AndroidDriver: Android on LINUX (142ca962-6de2-4eaa-af9c-0d8e5e0be6ca)] -> id: io.selendroid.testapp:id/buttonStartWebview]
2018-04-19 14:37:49 DEBUG StepDefinition:31 - tap Object spinner_webdriver_test_data
2018-04-19 14:37:50 DEBUG ObjEvent:79 - Find Element [[AndroidDriver: Android on LINUX (142ca962-6de2-4eaa-af9c-0d8e5e0be6ca)] -> id: io.selendroid.testapp:id/spinner_webdriver_test_data]
2018-04-19 14:37:51 DEBUG StepDefinition:31 - tap Object formPage
2018-04-19 14:37:53 DEBUG ObjEvent:84 - Find Element [[AndroidDriver: Android on LINUX (142ca962-6de2-4eaa-af9c-0d8e5e0be6ca)] -> name: formPage]
2018-04-19 14:37:56 DEBUG StepDefinition:31 - tap Object goBack
2018-04-19 14:37:57 DEBUG ObjEvent:79 - Find Element [[AndroidDriver: Android on LINUX (142ca962-6de2-4eaa-af9c-0d8e5e0be6ca)] -> id: io.selendroid.testapp:id/goBack]
2018-04-19 14:38:00 DEBUG StepDefinition:62 - verifyEqual Object element title
2018-04-19 14:38:00 DEBUG ObjEvent:136 - Find Element By.id: android:id/title
2018-04-19 14:38:01 DEBUG BeforeAfter:110 - After Hook ...............................................
2018-04-19 14:38:05 DEBUG BeforeAfter:120 - Quit Session ...............................................AndroidDriver: Android on LINUX (142ca962-6de2-4eaa-af9c-0d8e5e0be6ca)
